  [1m[35m (0.1ms)[0m  [1m[34mSELECT sqlite_version(*)[0m
  [1m[35m (55.0ms)[0m  [1m[35mCREATE TABLE "schema_migrations" ("version" varchar NOT NULL PRIMARY KEY)[0m
  [1m[35m (81.1ms)[0m  [1m[35mCREATE TABLE "ar_internal_metadata" ("key" varchar NOT NULL PRIMARY KEY, "value" varchar, "created_at" datetime NOT NULL, "updated_at" datetime NOT NULL)[0m
  [1m[35m (0.1ms)[0m  [1m[34mSELECT "schema_migrations"."version" FROM "schema_migrations" ORDER BY "schema_migrations"."version" ASC[0m
Migrating to CreateRecipes (20170801110155)
  [1m[35m (0.0ms)[0m  [1m[36mbegin transaction[0m
  [1m[35m (0.2ms)[0m  [1m[35mCREATE TABLE "recipes" ("id" INTEGER PRIMARY KEY AUTOINCREMENT NOT NULL, "created_at" datetime NOT NULL, "updated_at" datetime NOT NULL)[0m
  [1m[35mSQL (0.1ms)[0m  [1m[32mINSERT INTO "schema_migrations" ("version") VALUES (?)[0m  [["version", "20170801110155"]]
  [1m[35m (90.0ms)[0m  [1m[36mcommit transaction[0m
  [1m[36mActiveRecord::InternalMetadata Load (0.1ms)[0m  [1m[34mSELECT  "ar_internal_metadata".* FROM "ar_internal_metadata" WHERE "ar_internal_metadata"."key" = ? LIMIT ?[0m  [["key", "environment"], ["LIMIT", 1]]
  [1m[35m (0.0ms)[0m  [1m[36mbegin transaction[0m
  [1m[35mSQL (0.2ms)[0m  [1m[32mINSERT INTO "ar_internal_metadata" ("key", "value", "created_at", "updated_at") VALUES (?, ?, ?, ?)[0m  [["key", "environment"], ["value", "development"], ["created_at", "2017-08-01 11:02:55.010676"], ["updated_at", "2017-08-01 11:02:55.010676"]]
  [1m[35m (69.0ms)[0m  [1m[36mcommit transaction[0m
  [1m[35m (0.1ms)[0m  [1m[34mSELECT "schema_migrations"."version" FROM "schema_migrations" ORDER BY "schema_migrations"."version" ASC[0m
Started GET "/" for 127.0.0.1 at 2017-08-01 16:33:19 +0530
  [1m[35m (0.1ms)[0m  [1m[34mSELECT "schema_migrations"."version" FROM "schema_migrations" ORDER BY "schema_migrations"."version" ASC[0m
Processing by Rails::WelcomeController#index as HTML
  Rendering /home/keyur/.rvm/gems/ruby-2.4.0/gems/railties-5.1.2/lib/rails/templates/rails/welcome/index.html.erb
  Rendered /home/keyur/.rvm/gems/ruby-2.4.0/gems/railties-5.1.2/lib/rails/templates/rails/welcome/index.html.erb (1.5ms)
Completed 200 OK in 22ms (Views: 3.6ms | ActiveRecord: 0.0ms)


Started GET "/recipes" for 127.0.0.1 at 2017-08-01 16:33:50 +0530
Processing by RecipesController#index as HTML
  Rendering recipes/index.html.erb within layouts/application
  [1m[36mRecipe Load (0.1ms)[0m  [1m[34mSELECT "recipes".* FROM "recipes"[0m
  Rendered recipes/index.html.erb within layouts/application (1.6ms)
Completed 200 OK in 987ms (Views: 932.8ms | ActiveRecord: 0.3ms)


Started GET "/recipes/new" for 127.0.0.1 at 2017-08-01 16:33:53 +0530
Processing by RecipesController#new as HTML
  Rendering recipes/new.html.erb within layouts/application
  Rendered recipes/_form.html.erb (22.1ms)
  Rendered recipes/new.html.erb within layouts/application (23.6ms)
Completed 200 OK in 51ms (Views: 46.7ms | ActiveRecord: 0.4ms)


Started POST "/recipes" for 127.0.0.1 at 2017-08-01 16:33:54 +0530
Processing by RecipesController#create as HTML
  Parameters: {"utf8"=>"✓", "authenticity_token"=>"NafMFwHxopzDVatFbXNcZy/MWNqf0YOl5xj4aPuwo9g7sqUa0yMRLAnBMDSXKvsVI1ByJWWgS/W57rY2ysMM+A==", "commit"=>"Create Recipe"}
  [1m[35m (0.1ms)[0m  [1m[36mbegin transaction[0m
  [1m[35mSQL (0.2ms)[0m  [1m[32mINSERT INTO "recipes" ("created_at", "updated_at") VALUES (?, ?)[0m  [["created_at", "2017-08-01 11:03:54.432211"], ["updated_at", "2017-08-01 11:03:54.432211"]]
  [1m[35m (138.2ms)[0m  [1m[36mcommit transaction[0m
Redirected to http://localhost:3000/recipes/1
Completed 302 Found in 142ms (ActiveRecord: 138.5ms)


Started GET "/recipes/1" for 127.0.0.1 at 2017-08-01 16:33:54 +0530
Processing by RecipesController#show as HTML
  Parameters: {"id"=>"1"}
  [1m[36mRecipe Load (0.1ms)[0m  [1m[34mSELECT  "recipes".* FROM "recipes" WHERE "recipes"."id" = ? LIMIT ?[0m  [["id", 1], ["LIMIT", 1]]
  Rendering recipes/show.html.erb within layouts/application
  Rendered recipes/show.html.erb within layouts/application (0.5ms)
Completed 200 OK in 16ms (Views: 13.0ms | ActiveRecord: 0.1ms)


Started GET "/recipes/1/edit" for 127.0.0.1 at 2017-08-01 16:33:56 +0530
Processing by RecipesController#edit as HTML
  Parameters: {"id"=>"1"}
  [1m[36mRecipe Load (0.2ms)[0m  [1m[34mSELECT  "recipes".* FROM "recipes" WHERE "recipes"."id" = ? LIMIT ?[0m  [["id", 1], ["LIMIT", 1]]
  Rendering recipes/edit.html.erb within layouts/application
  Rendered recipes/_form.html.erb (2.0ms)
  Rendered recipes/edit.html.erb within layouts/application (3.2ms)
Completed 200 OK in 23ms (Views: 21.1ms | ActiveRecord: 0.2ms)


Started GET "/recipes" for 127.0.0.1 at 2017-08-01 16:33:57 +0530
Processing by RecipesController#index as HTML
  Rendering recipes/index.html.erb within layouts/application
  [1m[36mRecipe Load (0.3ms)[0m  [1m[34mSELECT "recipes".* FROM "recipes"[0m
  Rendered recipes/index.html.erb within layouts/application (2.2ms)
Completed 200 OK in 22ms (Views: 20.6ms | ActiveRecord: 0.3ms)


Started DELETE "/recipes/1" for 127.0.0.1 at 2017-08-01 16:34:00 +0530
Processing by RecipesController#destroy as HTML
  Parameters: {"authenticity_token"=>"c30+MqCH3wVbUTTewovg28mR7Saw8KcczRrJqx920IAifm3EolRowVGGc6o7sM0q+UC/ByYCMbd+CWli0pCbuQ==", "id"=>"1"}
  [1m[36mRecipe Load (0.2ms)[0m  [1m[34mSELECT  "recipes".* FROM "recipes" WHERE "recipes"."id" = ? LIMIT ?[0m  [["id", 1], ["LIMIT", 1]]
  [1m[35m (0.1ms)[0m  [1m[36mbegin transaction[0m
  [1m[35mSQL (0.9ms)[0m  [1m[31mDELETE FROM "recipes" WHERE "recipes"."id" = ?[0m  [["id", 1]]
  [1m[35m (67.8ms)[0m  [1m[36mcommit transaction[0m
Redirected to http://localhost:3000/recipes
Completed 302 Found in 74ms (ActiveRecord: 68.9ms)


Started GET "/recipes" for 127.0.0.1 at 2017-08-01 16:34:00 +0530
Processing by RecipesController#index as HTML
  Rendering recipes/index.html.erb within layouts/application
  [1m[36mRecipe Load (0.1ms)[0m  [1m[34mSELECT "recipes".* FROM "recipes"[0m
  Rendered recipes/index.html.erb within layouts/application (1.1ms)
Completed 200 OK in 15ms (Views: 14.6ms | ActiveRecord: 0.1ms)


Started GET "/recipes/new" for 127.0.0.1 at 2017-08-01 16:34:06 +0530
Processing by RecipesController#new as HTML
  Rendering recipes/new.html.erb within layouts/application
  Rendered recipes/_form.html.erb (0.9ms)
  Rendered recipes/new.html.erb within layouts/application (1.6ms)
Completed 200 OK in 11ms (Views: 10.5ms | ActiveRecord: 0.0ms)


Started POST "/recipes" for 127.0.0.1 at 2017-08-01 16:34:08 +0530
Processing by RecipesController#create as HTML
  Parameters: {"utf8"=>"✓", "authenticity_token"=>"MkEUA9Ni9cM47MldvAxnr7opzCUO+Ur0j3OwTTEqHJY8VH0OAbBGc/J4UixGVcDdtrXm2vSIgqTRhf4TAFmztg==", "commit"=>"Create Recipe"}
  [1m[35m (0.1ms)[0m  [1m[36mbegin transaction[0m
  [1m[35mSQL (1.7ms)[0m  [1m[32mINSERT INTO "recipes" ("created_at", "updated_at") VALUES (?, ?)[0m  [["created_at", "2017-08-01 11:04:08.424725"], ["updated_at", "2017-08-01 11:04:08.424725"]]
  [1m[35m (51.7ms)[0m  [1m[36mcommit transaction[0m
Redirected to http://localhost:3000/recipes/2
Completed 302 Found in 61ms (ActiveRecord: 53.5ms)


Started GET "/recipes/2" for 127.0.0.1 at 2017-08-01 16:34:08 +0530
Processing by RecipesController#show as HTML
  Parameters: {"id"=>"2"}
  [1m[36mRecipe Load (0.3ms)[0m  [1m[34mSELECT  "recipes".* FROM "recipes" WHERE "recipes"."id" = ? LIMIT ?[0m  [["id", 2], ["LIMIT", 1]]
  Rendering recipes/show.html.erb within layouts/application
  Rendered recipes/show.html.erb within layouts/application (0.5ms)
Completed 200 OK in 14ms (Views: 11.6ms | ActiveRecord: 0.3ms)


  [1m[35m (153.5ms)[0m  [1m[35mCREATE TABLE "schema_migrations" ("version" character varying NOT NULL PRIMARY KEY)[0m
  [1m[35m (64.3ms)[0m  [1m[35mCREATE TABLE "ar_internal_metadata" ("key" character varying NOT NULL PRIMARY KEY, "value" character varying, "created_at" timestamp NOT NULL, "updated_at" timestamp NOT NULL)[0m
  [1m[35m (0.2ms)[0m  [1m[34mSELECT pg_try_advisory_lock(2010272215185253005);[0m
  [1m[35m (0.3ms)[0m  [1m[34mSELECT "schema_migrations"."version" FROM "schema_migrations" ORDER BY "schema_migrations"."version" ASC[0m
Migrating to CreateRecipes (20170801110155)
  [1m[35m (0.2ms)[0m  [1m[35mBEGIN[0m
  [1m[35m (49.1ms)[0m  [1m[35mCREATE TABLE "recipes" ("id" bigserial primary key, "created_at" timestamp NOT NULL, "updated_at" timestamp NOT NULL)[0m
  [1m[35mSQL (0.3ms)[0m  [1m[32mINSERT INTO "schema_migrations" ("version") VALUES ($1) RETURNING "version"[0m  [["version", "20170801110155"]]
  [1m[35m (15.5ms)[0m  [1m[35mCOMMIT[0m
  [1m[36mActiveRecord::InternalMetadata Load (0.3ms)[0m  [1m[34mSELECT  "ar_internal_metadata".* FROM "ar_internal_metadata" WHERE "ar_internal_metadata"."key" = $1 LIMIT $2[0m  [["key", "environment"], ["LIMIT", 1]]
  [1m[35m (0.2ms)[0m  [1m[35mBEGIN[0m
  [1m[35mSQL (0.3ms)[0m  [1m[32mINSERT INTO "ar_internal_metadata" ("key", "value", "created_at", "updated_at") VALUES ($1, $2, $3, $4) RETURNING "key"[0m  [["key", "environment"], ["value", "development"], ["created_at", "2017-08-01 12:38:28.790820"], ["updated_at", "2017-08-01 12:38:28.790820"]]
  [1m[35m (27.7ms)[0m  [1m[35mCOMMIT[0m
  [1m[35m (0.3ms)[0m  [1m[34mSELECT pg_advisory_unlock(2010272215185253005)[0m
  [1m[35m (0.2ms)[0m  [1m[34mSELECT "schema_migrations"."version" FROM "schema_migrations" ORDER BY "schema_migrations"."version" ASC[0m
Started GET "/recipes" for 127.0.0.1 at 2017-08-01 18:09:12 +0530
  [1m[35m (0.5ms)[0m  [1m[34mSELECT "schema_migrations"."version" FROM "schema_migrations" ORDER BY "schema_migrations"."version" ASC[0m
Processing by RecipesController#index as HTML
  Rendering recipes/index.html.erb within layouts/application
  [1m[36mRecipe Load (0.7ms)[0m  [1m[34mSELECT "recipes".* FROM "recipes"[0m
  Rendered recipes/index.html.erb within layouts/application (6.4ms)
Completed 200 OK in 378ms (Views: 324.7ms | ActiveRecord: 4.1ms)


Started GET "/recipes/new" for 127.0.0.1 at 2017-08-01 18:09:15 +0530
Processing by RecipesController#new as HTML
  Rendering recipes/new.html.erb within layouts/application
  Rendered recipes/_form.html.erb (49.7ms)
  Rendered recipes/new.html.erb within layouts/application (51.6ms)
Completed 200 OK in 103ms (Views: 74.2ms | ActiveRecord: 8.7ms)


Started POST "/recipes" for 127.0.0.1 at 2017-08-01 18:09:16 +0530
Processing by RecipesController#create as HTML
  Parameters: {"utf8"=>"✓", "authenticity_token"=>"iYdpDYHaFeyHtSv0vhT3FsRtFRfwQYxnws1rL8uiTMuHkgAAUwimXE0hsIVETVBkyPE/6AowRDecOyVx+tHj6w==", "commit"=>"Create Recipe"}
  [1m[35m (0.2ms)[0m  [1m[35mBEGIN[0m
  [1m[35mSQL (0.8ms)[0m  [1m[32mINSERT INTO "recipes" ("created_at", "updated_at") VALUES ($1, $2) RETURNING "id"[0m  [["created_at", "2017-08-01 12:39:16.607194"], ["updated_at", "2017-08-01 12:39:16.607194"]]
  [1m[35m (17.7ms)[0m  [1m[35mCOMMIT[0m
Redirected to http://localhost:3000/recipes/1
Completed 302 Found in 23ms (ActiveRecord: 18.6ms)


Started GET "/recipes/1" for 127.0.0.1 at 2017-08-01 18:09:16 +0530
Processing by RecipesController#show as HTML
  Parameters: {"id"=>"1"}
  [1m[36mRecipe Load (0.4ms)[0m  [1m[34mSELECT  "recipes".* FROM "recipes" WHERE "recipes"."id" = $1 LIMIT $2[0m  [["id", 1], ["LIMIT", 1]]
  Rendering recipes/show.html.erb within layouts/application
  Rendered recipes/show.html.erb within layouts/application (2.2ms)
Completed 200 OK in 40ms (Views: 23.6ms | ActiveRecord: 0.7ms)


Started GET "/recipes" for 127.0.0.1 at 2017-08-01 18:09:18 +0530
Processing by RecipesController#index as HTML
  Rendering recipes/index.html.erb within layouts/application
  [1m[36mRecipe Load (0.2ms)[0m  [1m[34mSELECT "recipes".* FROM "recipes"[0m
  Rendered recipes/index.html.erb within layouts/application (1.9ms)
Completed 200 OK in 19ms (Views: 18.1ms | ActiveRecord: 0.2ms)


  [1m[35m (45.3ms)[0m  [1m[35mCREATE TABLE "schema_migrations" ("version" character varying NOT NULL PRIMARY KEY)[0m
  [1m[35m (70.1ms)[0m  [1m[35mCREATE TABLE "ar_internal_metadata" ("key" character varying NOT NULL PRIMARY KEY, "value" character varying, "created_at" timestamp NOT NULL, "updated_at" timestamp NOT NULL)[0m
  [1m[35m (0.2ms)[0m  [1m[34mSELECT pg_try_advisory_lock(2010272215185253005);[0m
  [1m[35m (0.4ms)[0m  [1m[34mSELECT "schema_migrations"."version" FROM "schema_migrations" ORDER BY "schema_migrations"."version" ASC[0m
Migrating to CreateRecipes (20170801110155)
  [1m[35m (0.2ms)[0m  [1m[35mBEGIN[0m
  [1m[35m (28.3ms)[0m  [1m[35mCREATE TABLE "recipes" ("id" bigserial primary key, "created_at" timestamp NOT NULL, "updated_at" timestamp NOT NULL)[0m
  [1m[35mSQL (0.4ms)[0m  [1m[32mINSERT INTO "schema_migrations" ("version") VALUES ($1) RETURNING "version"[0m  [["version", "20170801110155"]]
  [1m[35m (37.5ms)[0m  [1m[35mCOMMIT[0m
  [1m[36mActiveRecord::InternalMetadata Load (0.2ms)[0m  [1m[34mSELECT  "ar_internal_metadata".* FROM "ar_internal_metadata" WHERE "ar_internal_metadata"."key" = $1 LIMIT $2[0m  [["key", "environment"], ["LIMIT", 1]]
  [1m[35m (0.1ms)[0m  [1m[35mBEGIN[0m
  [1m[35mSQL (0.3ms)[0m  [1m[32mINSERT INTO "ar_internal_metadata" ("key", "value", "created_at", "updated_at") VALUES ($1, $2, $3, $4) RETURNING "key"[0m  [["key", "environment"], ["value", "development"], ["created_at", "2017-08-21 05:28:17.875616"], ["updated_at", "2017-08-21 05:28:17.875616"]]
  [1m[35m (34.2ms)[0m  [1m[35mCOMMIT[0m
  [1m[35m (0.2ms)[0m  [1m[34mSELECT pg_advisory_unlock(2010272215185253005)[0m
  [1m[35m (0.2ms)[0m  [1m[34mSELECT "schema_migrations"."version" FROM "schema_migrations" ORDER BY "schema_migrations"."version" ASC[0m
Started GET "/" for 127.0.0.1 at 2017-08-21 11:00:11 +0530
  [1m[35m (0.4ms)[0m  [1m[34mSELECT "schema_migrations"."version" FROM "schema_migrations" ORDER BY "schema_migrations"."version" ASC[0m
Processing by Rails::WelcomeController#index as HTML
  Rendering /home/keyur/.rvm/gems/ruby-2.4.0@demo1/gems/railties-5.1.2/lib/rails/templates/rails/welcome/index.html.erb
  Rendered /home/keyur/.rvm/gems/ruby-2.4.0@demo1/gems/railties-5.1.2/lib/rails/templates/rails/welcome/index.html.erb (1.5ms)
Completed 200 OK in 9ms (Views: 3.3ms | ActiveRecord: 0.0ms)


Started GET "/recipes" for 127.0.0.1 at 2017-08-21 11:00:20 +0530
Processing by RecipesController#index as HTML
  Rendering recipes/index.html.erb within layouts/application
  [1m[36mRecipe Load (0.3ms)[0m  [1m[34mSELECT "recipes".* FROM "recipes"[0m
  Rendered recipes/index.html.erb within layouts/application (14.4ms)
Completed 200 OK in 567ms (Views: 475.5ms | ActiveRecord: 4.7ms)


Started GET "/recipes/new" for 127.0.0.1 at 2017-08-21 11:00:23 +0530
Processing by RecipesController#new as HTML
  Rendering recipes/new.html.erb within layouts/application
  Rendered recipes/_form.html.erb (4.7ms)
  Rendered recipes/new.html.erb within layouts/application (5.9ms)
Completed 200 OK in 23ms (Views: 14.1ms | ActiveRecord: 3.4ms)


Started POST "/recipes" for 127.0.0.1 at 2017-08-21 11:00:24 +0530
Processing by RecipesController#create as HTML
  Parameters: {"utf8"=>"✓", "authenticity_token"=>"sje0PKx4x/cyBbg34+NmvreZg2TjiajxR3zkYcFbyfhxxlizB5ARCY+mhNvALlFpvpcIgXq9Y4i7tpqfTUSfDg==", "commit"=>"Create Recipe"}
  [1m[35m (0.2ms)[0m  [1m[35mBEGIN[0m
  [1m[35mSQL (1.0ms)[0m  [1m[32mINSERT INTO "recipes" ("created_at", "updated_at") VALUES ($1, $2) RETURNING "id"[0m  [["created_at", "2017-08-21 05:30:24.184318"], ["updated_at", "2017-08-21 05:30:24.184318"]]
  [1m[35m (6.4ms)[0m  [1m[35mCOMMIT[0m
Redirected to http://localhost:3000/recipes/1
Completed 302 Found in 14ms (ActiveRecord: 7.6ms)


Started GET "/recipes/1" for 127.0.0.1 at 2017-08-21 11:00:24 +0530
Processing by RecipesController#show as HTML
  Parameters: {"id"=>"1"}
  [1m[36mRecipe Load (0.3ms)[0m  [1m[34mSELECT  "recipes".* FROM "recipes" WHERE "recipes"."id" = $1 LIMIT $2[0m  [["id", 1], ["LIMIT", 1]]
  Rendering recipes/show.html.erb within layouts/application
  Rendered recipes/show.html.erb within layouts/application (0.7ms)
Completed 200 OK in 17ms (Views: 10.4ms | ActiveRecord: 0.4ms)


Started GET "/recipes" for 127.0.0.1 at 2017-08-21 11:00:26 +0530
Processing by RecipesController#index as HTML
  Rendering recipes/index.html.erb within layouts/application
  [1m[36mRecipe Load (0.4ms)[0m  [1m[34mSELECT "recipes".* FROM "recipes"[0m
  Rendered recipes/index.html.erb within layouts/application (2.8ms)
Completed 200 OK in 42ms (Views: 40.5ms | ActiveRecord: 0.4ms)


Started GET "/recipes/new" for 127.0.0.1 at 2017-08-21 11:00:31 +0530
Processing by RecipesController#new as HTML
  Rendering recipes/new.html.erb within layouts/application
  Rendered recipes/_form.html.erb (4.7ms)
  Rendered recipes/new.html.erb within layouts/application (7.6ms)
Completed 200 OK in 40ms (Views: 37.8ms | ActiveRecord: 0.0ms)


Started GET "/recipes" for 127.0.0.1 at 2017-08-21 11:00:33 +0530
Processing by RecipesController#index as HTML
  Rendering recipes/index.html.erb within layouts/application
  [1m[36mRecipe Load (0.3ms)[0m  [1m[34mSELECT "recipes".* FROM "recipes"[0m
  Rendered recipes/index.html.erb within layouts/application (2.7ms)
Completed 200 OK in 27ms (Views: 25.8ms | ActiveRecord: 0.3ms)


Started GET "/recipes/1/edit" for 127.0.0.1 at 2017-08-21 11:00:40 +0530
Processing by RecipesController#edit as HTML
  Parameters: {"id"=>"1"}
  [1m[36mRecipe Load (0.4ms)[0m  [1m[34mSELECT  "recipes".* FROM "recipes" WHERE "recipes"."id" = $1 LIMIT $2[0m  [["id", 1], ["LIMIT", 1]]
  Rendering recipes/edit.html.erb within layouts/application
  Rendered recipes/_form.html.erb (0.9ms)
  Rendered recipes/edit.html.erb within layouts/application (1.7ms)
Completed 200 OK in 24ms (Views: 11.8ms | ActiveRecord: 0.8ms)


Started PATCH "/recipes/1" for 127.0.0.1 at 2017-08-21 11:00:41 +0530
Processing by RecipesController#update as HTML
  Parameters: {"utf8"=>"✓", "authenticity_token"=>"J8F2FoKynOSnB8KBWNhuPaSe1Zw+d9RGexXMH2n8Z/Rb4/mF+ayVMvuGNBQepx//Jvxpy2RhqAdMAlGzKp0KVA==", "commit"=>"Update Recipe", "id"=>"1"}
  [1m[36mRecipe Load (0.7ms)[0m  [1m[34mSELECT  "recipes".* FROM "recipes" WHERE "recipes"."id" = $1 LIMIT $2[0m  [["id", 1], ["LIMIT", 1]]
  [1m[35m (0.2ms)[0m  [1m[35mBEGIN[0m
  [1m[35m (0.1ms)[0m  [1m[35mCOMMIT[0m
Redirected to http://localhost:3000/recipes/1
Completed 302 Found in 5ms (ActiveRecord: 1.0ms)


Started GET "/recipes/1" for 127.0.0.1 at 2017-08-21 11:00:41 +0530
Processing by RecipesController#show as HTML
  Parameters: {"id"=>"1"}
  [1m[36mRecipe Load (0.2ms)[0m  [1m[34mSELECT  "recipes".* FROM "recipes" WHERE "recipes"."id" = $1 LIMIT $2[0m  [["id", 1], ["LIMIT", 1]]
  Rendering recipes/show.html.erb within layouts/application
  Rendered recipes/show.html.erb within layouts/application (0.5ms)
Completed 200 OK in 16ms (Views: 14.9ms | ActiveRecord: 0.2ms)


Started GET "/" for 127.0.0.1 at 2017-10-16 17:01:07 +0530
  [1m[35m (25.2ms)[0m  [1m[34mSELECT "schema_migrations"."version" FROM "schema_migrations" ORDER BY "schema_migrations"."version" ASC[0m
Processing by Rails::WelcomeController#index as HTML
  Rendering /home/keyur/.rvm/gems/ruby-2.4.1@demo/gems/railties-5.1.2/lib/rails/templates/rails/welcome/index.html.erb
  Rendered /home/keyur/.rvm/gems/ruby-2.4.1@demo/gems/railties-5.1.2/lib/rails/templates/rails/welcome/index.html.erb (1.7ms)
Completed 200 OK in 13ms (Views: 6.0ms | ActiveRecord: 0.0ms)


Started GET "/apipie" for 127.0.0.1 at 2017-10-16 17:01:16 +0530
Processing by Apipie::ApipiesController#index as HTML
Completed 500 Internal Server Error in 10061ms (ActiveRecord: 6.0ms)


  
RuntimeError (Validator for name not found.):
  
app/controllers/recipes_controller.rb:14:in `<class:RecipesController>'
app/controllers/recipes_controller.rb:1:in `<top (required)>'
Started GET "/apipie" for 127.0.0.1 at 2017-10-16 17:03:18 +0530
Processing by Apipie::ApipiesController#index as HTML
Completed 500 Internal Server Error in 16ms (ActiveRecord: 0.0ms)


  
ArgumentError (wrong number of arguments (given 1, expected 2..4)):
  
app/controllers/recipes_controller.rb:13:in `<class:RecipesController>'
app/controllers/recipes_controller.rb:1:in `<top (required)>'
  [1m[35m (0.1ms)[0m  [1m[34mSELECT pg_try_advisory_lock(2010272215185253005);[0m
  [1m[35m (0.5ms)[0m  [1m[34mSELECT "schema_migrations"."version" FROM "schema_migrations" ORDER BY "schema_migrations"."version" ASC[0m
Migrating to AddNameToRecipe (20171016113538)
  [1m[35m (0.1ms)[0m  [1m[35mBEGIN[0m
  [1m[35m (135.5ms)[0m  [1m[35mALTER TABLE "recipes" ADD "name" character varying[0m
  [1m[35mSQL (0.3ms)[0m  [1m[32mINSERT INTO "schema_migrations" ("version") VALUES ($1) RETURNING "version"[0m  [["version", "20171016113538"]]
  [1m[35m (5.4ms)[0m  [1m[35mCOMMIT[0m
  [1m[36mActiveRecord::InternalMetadata Load (19.2ms)[0m  [1m[34mSELECT  "ar_internal_metadata".* FROM "ar_internal_metadata" WHERE "ar_internal_metadata"."key" = $1 LIMIT $2[0m  [["key", "environment"], ["LIMIT", 1]]
  [1m[35m (0.2ms)[0m  [1m[35mBEGIN[0m
  [1m[35m (0.2ms)[0m  [1m[35mCOMMIT[0m
  [1m[35m (0.3ms)[0m  [1m[34mSELECT pg_advisory_unlock(2010272215185253005)[0m
  [1m[35m (0.2ms)[0m  [1m[34mSELECT "schema_migrations"."version" FROM "schema_migrations" ORDER BY "schema_migrations"."version" ASC[0m
Started GET "/apipie" for 127.0.0.1 at 2017-10-16 17:06:53 +0530
  [1m[35m (0.8ms)[0m  [1m[34mSELECT "schema_migrations"."version" FROM "schema_migrations" ORDER BY "schema_migrations"."version" ASC[0m
Processing by Apipie::ApipiesController#index as HTML
Completed 500 Internal Server Error in 17ms (ActiveRecord: 0.0ms)


  
RuntimeError (Validator for name not found.):
  
app/controllers/recipes_controller.rb:14:in `<class:RecipesController>'
app/controllers/recipes_controller.rb:1:in `<top (required)>'
Started GET "/apipie" for 127.0.0.1 at 2017-10-16 17:07:57 +0530
Processing by Apipie::ApipiesController#index as HTML
Completed 500 Internal Server Error in 14ms (ActiveRecord: 0.0ms)


  
RuntimeError (Validator for name not found.):
  
app/controllers/recipes_controller.rb:14:in `<class:RecipesController>'
app/controllers/recipes_controller.rb:1:in `<top (required)>'
Started GET "/apipie" for 127.0.0.1 at 2017-10-16 17:25:22 +0530
  [1m[35m (0.5ms)[0m  [1m[34mSELECT "schema_migrations"."version" FROM "schema_migrations" ORDER BY "schema_migrations"."version" ASC[0m
Processing by Apipie::ApipiesController#index as HTML
Completed 500 Internal Server Error in 20ms (ActiveRecord: 0.0ms)


  
RuntimeError (Validator for name not found.):
  
app/controllers/api/v1/recipe_controller.rb:5:in `<class:RecipeController>'
app/controllers/api/v1/recipe_controller.rb:1:in `<top (required)>'
Started GET "/apipie.json" for 127.0.0.1 at 2017-10-16 17:26:20 +0530
Processing by Apipie::ApipiesController#index as JSON
Completed 500 Internal Server Error in 12ms (ActiveRecord: 0.0ms)


  
RuntimeError (Validator for name not found.):
  
app/controllers/api/v1/recipe_controller.rb:5:in `<class:RecipeController>'
app/controllers/api/v1/recipe_controller.rb:1:in `<top (required)>'
Started GET "/apipie.json" for 127.0.0.1 at 2017-10-16 17:38:03 +0530
  [1m[35m (0.5ms)[0m  [1m[34mSELECT "schema_migrations"."version" FROM "schema_migrations" ORDER BY "schema_migrations"."version" ASC[0m
Processing by Apipie::ApipiesController#index as JSON
Completed 500 Internal Server Error in 28ms (ActiveRecord: 0.0ms)


  
RuntimeError (Validator for name not found.):
  
app/controllers/api/v1/recipe_controller.rb:5:in `<class:RecipeController>'
app/controllers/api/v1/recipe_controller.rb:1:in `<top (required)>'
Started GET "/apipie" for 127.0.0.1 at 2017-10-16 17:48:58 +0530
  [1m[35m (1.5ms)[0m  [1m[34mSELECT "schema_migrations"."version" FROM "schema_migrations" ORDER BY "schema_migrations"."version" ASC[0m
Processing by Apipie::ApipiesController#index as HTML
Completed 500 Internal Server Error in 34ms (ActiveRecord: 0.0ms)


  
RuntimeError (Validator for name not found.):
  
app/controllers/api/v1/recipe_controller.rb:5:in `<class:RecipeController>'
app/controllers/api/v1/recipe_controller.rb:1:in `<top (required)>'
Started GET "/" for 127.0.0.1 at 2017-10-16 18:01:59 +0530
  [1m[35m (0.4ms)[0m  [1m[34mSELECT "schema_migrations"."version" FROM "schema_migrations" ORDER BY "schema_migrations"."version" ASC[0m
Processing by Rails::WelcomeController#index as HTML
  Rendering /home/keyur/.rvm/gems/ruby-2.4.1@demo/gems/railties-5.1.2/lib/rails/templates/rails/welcome/index.html.erb
  Rendered /home/keyur/.rvm/gems/ruby-2.4.1@demo/gems/railties-5.1.2/lib/rails/templates/rails/welcome/index.html.erb (2.4ms)
Completed 200 OK in 10ms (Views: 4.7ms | ActiveRecord: 0.0ms)


Started GET "/apipie/" for 127.0.0.1 at 2017-10-16 18:02:12 +0530
Processing by Apipie::ApipiesController#index as HTML
Completed 500 Internal Server Error in 23ms (ActiveRecord: 0.0ms)


  
RuntimeError (Validator for name not found.):
  
app/controllers/api/v1/recipe_controller.rb:5:in `<class:RecipeController>'
app/controllers/api/v1/recipe_controller.rb:1:in `<top (required)>'
Started GET "/" for 127.0.0.1 at 2017-10-17 14:50:09 +0530
  [1m[35m (14.0ms)[0m  [1m[34mSELECT "schema_migrations"."version" FROM "schema_migrations" ORDER BY "schema_migrations"."version" ASC[0m
Processing by Rails::WelcomeController#index as HTML
  Rendering /home/keyur/.rvm/gems/ruby-2.4.1@demo/gems/railties-5.1.2/lib/rails/templates/rails/welcome/index.html.erb
  Rendered /home/keyur/.rvm/gems/ruby-2.4.1@demo/gems/railties-5.1.2/lib/rails/templates/rails/welcome/index.html.erb (1.9ms)
Completed 200 OK in 97ms (Views: 5.0ms | ActiveRecord: 0.0ms)


Started GET "/apipie" for 127.0.0.1 at 2017-10-17 14:50:35 +0530
Processing by Apipie::ApipiesController#index as HTML
Completed 500 Internal Server Error in 10039ms (ActiveRecord: 2.9ms)


  
NameError (uninitialized constant Api::V1::RecipesController):
  
app/controllers/recipes_controller.rb:7:in `<class:RecipesController>'
app/controllers/recipes_controller.rb:1:in `<top (required)>'
Started GET "/apipie" for 127.0.0.1 at 2017-10-17 14:51:57 +0530
Processing by Apipie::ApipiesController#index as HTML
Completed 500 Internal Server Error in 60ms (ActiveRecord: 0.0ms)


  
RuntimeError (Validator for name not found.):
  
app/controllers/api/v1/recipe_controller.rb:5:in `<class:RecipeController>'
app/controllers/api/v1/recipe_controller.rb:1:in `<top (required)>'
Started GET "/apipie" for 127.0.0.1 at 2017-10-17 14:53:05 +0530
  [1m[35m (0.5ms)[0m  [1m[34mSELECT "schema_migrations"."version" FROM "schema_migrations" ORDER BY "schema_migrations"."version" ASC[0m
Processing by Apipie::ApipiesController#index as HTML
  Rendering /home/keyur/.rvm/gems/ruby-2.4.1@demo/gems/apipie-rails-0.5.4/app/views/apipie/apipies/index.html.erb within layouts/apipie/apipie
  Rendered /home/keyur/.rvm/gems/ruby-2.4.1@demo/gems/apipie-rails-0.5.4/app/views/apipie/apipies/_languages.erb (0.3ms)
  Rendered /home/keyur/.rvm/gems/ruby-2.4.1@demo/gems/apipie-rails-0.5.4/app/views/apipie/apipies/index.html.erb within layouts/apipie/apipie (2.6ms)
Completed 200 OK in 227ms (Views: 43.1ms | ActiveRecord: 0.0ms)


Started GET "/apipie/stylesheets/bundled/bootstrap.min.css" for 127.0.0.1 at 2017-10-17 14:53:05 +0530
Started GET "/apipie/stylesheets/bundled/prettify.css" for 127.0.0.1 at 2017-10-17 14:53:05 +0530
Started GET "/apipie/stylesheets/bundled/bootstrap-responsive.min.css" for 127.0.0.1 at 2017-10-17 14:53:05 +0530
Started GET "/apipie/javascripts/bundled/jquery.js" for 127.0.0.1 at 2017-10-17 14:53:05 +0530
Started GET "/apipie/javascripts/bundled/bootstrap-collapse.js" for 127.0.0.1 at 2017-10-17 14:53:06 +0530
Started GET "/apipie/javascripts/apipie.js" for 127.0.0.1 at 2017-10-17 14:53:06 +0530
Started GET "/apipie/stylesheets/application.css" for 127.0.0.1 at 2017-10-17 14:53:06 +0530
Started GET "/apipie/javascripts/bundled/prettify.js" for 127.0.0.1 at 2017-10-17 14:53:06 +0530
Started GET "/apipie/1.0/recipes/index.en.html" for 127.0.0.1 at 2017-10-17 14:53:10 +0530
Processing by Apipie::ApipiesController#index as HTML
  Parameters: {"version"=>"1.0", "resource"=>"recipes", "method"=>"index.en.html"}
  Rendering /home/keyur/.rvm/gems/ruby-2.4.1@demo/gems/apipie-rails-0.5.4/app/views/apipie/apipies/apipie_404.html.erb within layouts/apipie/apipie
  Rendered /home/keyur/.rvm/gems/ruby-2.4.1@demo/gems/apipie-rails-0.5.4/app/views/apipie/apipies/apipie_404.html.erb within layouts/apipie/apipie (1.5ms)
Completed 404 Not Found in 21ms (Views: 5.4ms | ActiveRecord: 0.0ms)


Started GET "/apipie/stylesheets/bundled/bootstrap-responsive.min.css" for 127.0.0.1 at 2017-10-17 14:53:10 +0530
Started GET "/apipie/stylesheets/bundled/prettify.css" for 127.0.0.1 at 2017-10-17 14:53:10 +0530
Started GET "/apipie/stylesheets/bundled/bootstrap.min.css" for 127.0.0.1 at 2017-10-17 14:53:10 +0530
Started GET "/apipie/stylesheets/application.css" for 127.0.0.1 at 2017-10-17 14:53:10 +0530
Started GET "/apipie/javascripts/bundled/jquery.js" for 127.0.0.1 at 2017-10-17 14:53:10 +0530
Started GET "/apipie/javascripts/bundled/prettify.js" for 127.0.0.1 at 2017-10-17 14:53:10 +0530
Started GET "/apipie/javascripts/bundled/bootstrap-collapse.js" for 127.0.0.1 at 2017-10-17 14:53:10 +0530
Started GET "/apipie/javascripts/apipie.js" for 127.0.0.1 at 2017-10-17 14:53:10 +0530
Started GET "/apipie/1.0/recipes/index.en.html" for 127.0.0.1 at 2017-10-17 14:53:24 +0530
Processing by Apipie::ApipiesController#index as HTML
  Parameters: {"version"=>"1.0", "resource"=>"recipes", "method"=>"index.en.html"}
  Rendering /home/keyur/.rvm/gems/ruby-2.4.1@demo/gems/apipie-rails-0.5.4/app/views/apipie/apipies/apipie_404.html.erb within layouts/apipie/apipie
  Rendered /home/keyur/.rvm/gems/ruby-2.4.1@demo/gems/apipie-rails-0.5.4/app/views/apipie/apipies/apipie_404.html.erb within layouts/apipie/apipie (0.6ms)
Completed 404 Not Found in 21ms (Views: 2.4ms | ActiveRecord: 0.0ms)


Started GET "/apipie/stylesheets/bundled/bootstrap.min.css" for 127.0.0.1 at 2017-10-17 14:53:24 +0530
Started GET "/apipie/stylesheets/bundled/prettify.css" for 127.0.0.1 at 2017-10-17 14:53:24 +0530
Started GET "/apipie/javascripts/bundled/jquery.js" for 127.0.0.1 at 2017-10-17 14:53:24 +0530
Started GET "/apipie/stylesheets/bundled/bootstrap-responsive.min.css" for 127.0.0.1 at 2017-10-17 14:53:24 +0530
Started GET "/apipie/javascripts/apipie.js" for 127.0.0.1 at 2017-10-17 14:53:24 +0530
Started GET "/apipie/stylesheets/application.css" for 127.0.0.1 at 2017-10-17 14:53:24 +0530
Started GET "/apipie/javascripts/bundled/bootstrap-collapse.js" for 127.0.0.1 at 2017-10-17 14:53:24 +0530
Started GET "/apipie/javascripts/bundled/prettify.js" for 127.0.0.1 at 2017-10-17 14:53:24 +0530
Started GET "/" for 127.0.0.1 at 2017-10-24 11:46:21 +0530
  [1m[35m (13.9ms)[0m  [1m[34mSELECT "schema_migrations"."version" FROM "schema_migrations" ORDER BY "schema_migrations"."version" ASC[0m
Processing by Rails::WelcomeController#index as HTML
  Rendering /home/keyur/.rvm/gems/ruby-2.4.1@demo/gems/railties-5.1.2/lib/rails/templates/rails/welcome/index.html.erb
  Rendered /home/keyur/.rvm/gems/ruby-2.4.1@demo/gems/railties-5.1.2/lib/rails/templates/rails/welcome/index.html.erb (1.8ms)
Completed 200 OK in 42ms (Views: 4.4ms | ActiveRecord: 0.0ms)


Started GET "/recipes/" for 127.0.0.1 at 2017-10-24 11:46:50 +0530
Processing by RecipesController#index as HTML
  Rendering recipes/index.html.erb within layouts/application
  [1m[36mRecipe Load (50.2ms)[0m  [1m[34mSELECT "recipes".* FROM "recipes"[0m
  Rendered recipes/index.html.erb within layouts/application (77.9ms)
Completed 200 OK in 1403ms (Views: 1222.8ms | ActiveRecord: 66.0ms)


Started GET "/recipes/new" for 127.0.0.1 at 2017-10-24 11:46:57 +0530
Processing by RecipesController#new as HTML
  Rendering recipes/new.html.erb within layouts/application
  Rendered recipes/_form.html.erb (92.3ms)
  Rendered recipes/new.html.erb within layouts/application (93.8ms)
Completed 200 OK in 111ms (Views: 110.0ms | ActiveRecord: 0.0ms)


Started GET "/recipes" for 127.0.0.1 at 2017-10-24 11:46:58 +0530
Processing by RecipesController#index as HTML
  Rendering recipes/index.html.erb within layouts/application
  [1m[36mRecipe Load (0.5ms)[0m  [1m[34mSELECT "recipes".* FROM "recipes"[0m
  Rendered recipes/index.html.erb within layouts/application (4.0ms)
Completed 200 OK in 23ms (Views: 21.4ms | ActiveRecord: 0.5ms)


Started GET "/charges/new" for 127.0.0.1 at 2017-10-24 12:03:20 +0530
  [1m[35m (0.5ms)[0m  [1m[34mSELECT "schema_migrations"."version" FROM "schema_migrations" ORDER BY "schema_migrations"."version" ASC[0m
Processing by ChargesController#new as HTML
  Rendering charges/new.html.erb within layouts/application
  Rendered charges/new.html.erb within layouts/application (13.1ms)
Completed 500 Internal Server Error in 48ms (ActiveRecord: 0.0ms)


  
ActionView::Template::Error (undefined method `stripe' for #<Rails::Application::Configuration:0x000000048479f8>):
    11:   </article>
    12: 
    13:   <script src="https://checkout.stripe.com/checkout.js" class="stripe-button"
    14:           data-key="<%= Rails.configuration.stripe[:publishable_key] %>"
    15:           data-description="A month's subscription"
    16:           data-amount="500"
    17:           data-locale="auto"></script>
  
app/views/charges/new.html.erb:14:in `block in _app_views_charges_new_html_erb__3445209911245818943_32782680'
app/views/charges/new.html.erb:1:in `_app_views_charges_new_html_erb__3445209911245818943_32782680'
Started GET "/charges/new" for 127.0.0.1 at 2017-10-24 12:05:59 +0530
Processing by ChargesController#new as HTML
  Rendering charges/new.html.erb within layouts/application
  Rendered charges/new.html.erb within layouts/application (8.0ms)
Completed 500 Internal Server Error in 14ms (ActiveRecord: 0.0ms)


  
ActionView::Template::Error (undefined method `stripe' for #<Rails::Application::Configuration:0x000000048479f8>):
    11:   </article>
    12: 
    13:   <script src="https://checkout.stripe.com/checkout.js" class="stripe-button"
    14:           data-key="<%= Rails.configuration.stripe[:publishable_key] %>"
    15:           data-description="A month's subscription"
    16:           data-amount="500"
    17:           data-locale="auto"></script>
  
app/views/charges/new.html.erb:14:in `block in _app_views_charges_new_html_erb__3445209911245818943_46665600'
app/views/charges/new.html.erb:1:in `_app_views_charges_new_html_erb__3445209911245818943_46665600'
Started GET "/charges/new" for 127.0.0.1 at 2017-10-24 12:06:30 +0530
Processing by ChargesController#new as HTML
  Rendering charges/new.html.erb within layouts/application
  Rendered charges/new.html.erb within layouts/application (5.3ms)
Completed 500 Internal Server Error in 10ms (ActiveRecord: 0.0ms)


  
ActionView::Template::Error (undefined method `stripe' for #<Rails::Application::Configuration:0x000000048479f8>):
    11:   </article>
    12: 
    13:   <script src="https://checkout.stripe.com/checkout.js" class="stripe-button"
    14:           data-key="<%= Rails.configuration.stripe[:publishable_key] %>"
    15:           data-description="A month's subscription"
    16:           data-amount="500"
    17:           data-locale="auto"></script>
  
app/views/charges/new.html.erb:14:in `block in _app_views_charges_new_html_erb__3445209911245818943_39156660'
app/views/charges/new.html.erb:1:in `_app_views_charges_new_html_erb__3445209911245818943_39156660'
Started GET "/charges/new" for 127.0.0.1 at 2017-10-24 12:18:19 +0530
  [1m[35m (0.4ms)[0m  [1m[34mSELECT "schema_migrations"."version" FROM "schema_migrations" ORDER BY "schema_migrations"."version" ASC[0m
Processing by ChargesController#new as HTML
  Rendering charges/new.html.erb within layouts/application
  Rendered charges/new.html.erb within layouts/application (1.2ms)
Completed 200 OK in 597ms (Views: 591.4ms | ActiveRecord: 0.0ms)


Started GET "/charges/new" for 127.0.0.1 at 2017-10-24 12:18:37 +0530
Processing by ChargesController#new as HTML
  Rendering charges/new.html.erb within layouts/application
  Rendered charges/new.html.erb within layouts/application (0.8ms)
Completed 200 OK in 16ms (Views: 14.7ms | ActiveRecord: 0.0ms)


Started GET "/charges/new" for 127.0.0.1 at 2017-10-24 12:29:52 +0530
  [1m[35m (0.5ms)[0m  [1m[34mSELECT "schema_migrations"."version" FROM "schema_migrations" ORDER BY "schema_migrations"."version" ASC[0m
  
SyntaxError (/home/keyur/project/demo/app/controllers/charges_controller.rb:27: syntax error, unexpected keyword_end, expecting end-of-input):
  
app/controllers/charges_controller.rb:27: syntax error, unexpected keyword_end, expecting end-of-input
Started GET "/charges/new" for 127.0.0.1 at 2017-10-24 12:31:01 +0530
Processing by ChargesController#new as HTML
  Rendering charges/new.html.erb within layouts/application
  Rendered charges/new.html.erb within layouts/application (2.4ms)
Completed 200 OK in 194ms (Views: 188.8ms | ActiveRecord: 0.0ms)


Started POST "/charges" for 127.0.0.1 at 2017-10-24 12:32:20 +0530
Processing by ChargesController#create as HTML
  Parameters: {"utf8"=>"✓", "authenticity_token"=>"X/93Vsvyk1fxeIC+qrtcUe2ZgAz33KoddNDDsUWpxjL4eMfbYHknz4iL6U4mueYpprNNqPozWFNA/OcEzS+t2A==", "stripeToken"=>"tok_1BGMQXK6A9GfgtLRKWo2zn3O", "stripeTokenType"=>"card", "stripeEmail"=>"ashvinptel@gmail.com"}
  Rendering charges/create.html.erb within layouts/application
  Rendered charges/create.html.erb within layouts/application (0.3ms)
Completed 200 OK in 3208ms (Views: 12.2ms | ActiveRecord: 0.0ms)


Started GET "/charges/new" for 127.0.0.1 at 2017-10-24 12:39:47 +0530
Processing by ChargesController#new as HTML
  Rendering charges/new.html.erb within layouts/application
  Rendered charges/new.html.erb within layouts/application (0.7ms)
Completed 200 OK in 20ms (Views: 18.8ms | ActiveRecord: 0.0ms)


Started POST "/charges" for 127.0.0.1 at 2017-10-24 12:40:46 +0530
Processing by ChargesController#create as HTML
  Parameters: {"utf8"=>"✓", "authenticity_token"=>"ulbo2MnvYJ99+fV6S/+l4o4Qil0GN9MZxCh1NLmGRqcd0VhVYmTUBwQKnIrH/R+axTpH+QvYIVfwBFGBMQAtTQ==", "stripeToken"=>"tok_1BGMYhK6A9GfgtLRRdyy3rMi", "stripeTokenType"=>"card", "stripeEmail"=>"ashvinptel@gmail.com"}
  Rendering charges/create.html.erb within layouts/application
  Rendered charges/create.html.erb within layouts/application (0.3ms)
Completed 200 OK in 3215ms (Views: 13.1ms | ActiveRecord: 0.0ms)


Started GET "/charges/new" for 127.0.0.1 at 2017-10-24 12:42:40 +0530
Processing by ChargesController#new as HTML
  Rendering charges/new.html.erb within layouts/application
  Rendered charges/new.html.erb within layouts/application (1.0ms)
Completed 200 OK in 18ms (Views: 16.8ms | ActiveRecord: 0.0ms)


Started POST "/charges" for 127.0.0.1 at 2017-10-24 12:45:16 +0530
Processing by ChargesController#create as HTML
  Parameters: {"utf8"=>"✓", "authenticity_token"=>"+0JxcGJTaZA01JnttJouy9rpBDh7/k7F8KoBRCDrwg1cxcH9ydjdCE0n8B04mJSzkcPJnHYRvIvEhiXxqG2p5w==", "stripeToken"=>"tok_1BGMd3K6A9GfgtLRZElrWXqE", "stripeTokenType"=>"card", "stripeEmail"=>"railsashu407@gmail.com"}
  Rendering charges/create.html.erb within layouts/application
  Rendered charges/create.html.erb within layouts/application (0.3ms)
Completed 200 OK in 3037ms (Views: 12.2ms | ActiveRecord: 0.0ms)


Started GET "/charges/new" for 127.0.0.1 at 2017-10-24 12:48:50 +0530
Processing by ChargesController#new as HTML
  Rendering charges/new.html.erb within layouts/application
  Rendered charges/new.html.erb within layouts/application (0.7ms)
Completed 200 OK in 21ms (Views: 20.5ms | ActiveRecord: 0.0ms)


Started POST "/charges" for 127.0.0.1 at 2017-10-24 12:51:30 +0530
Processing by ChargesController#create as HTML
  Parameters: {"utf8"=>"✓", "authenticity_token"=>"jQwyZnrMOXHYb2KtrTvoBswTcPvBYsy13p06m2YQ5B4qi4Lr0UeN6aGcC10hOVJ+hzm9X8yNPvvqsR4u7paP9A==", "stripeToken"=>"tok_1BGMj5K6A9GfgtLRryUE4A3W", "stripeTokenType"=>"card", "stripeEmail"=>"ketan@gmail.com"}
  Rendering charges/create.html.erb within layouts/application
  Rendered charges/create.html.erb within layouts/application (0.3ms)
Completed 200 OK in 3069ms (Views: 13.4ms | ActiveRecord: 0.0ms)


Started GET "/charges/new" for 127.0.0.1 at 2017-10-24 12:53:21 +0530
Processing by ChargesController#new as HTML
  Rendering charges/new.html.erb within layouts/application
  Rendered charges/new.html.erb within layouts/application (0.7ms)
Completed 200 OK in 17ms (Views: 16.4ms | ActiveRecord: 0.0ms)


